2017-06-18 17:32:29.1590|INFO|Microsoft.EntityFrameworkCore.Storage.Internal.RelationalCommandBuilderFactory|Executed DbCommand (0ms) [Parameters=[], CommandType='Text', CommandTimeout='30']
SELECT [a].[Id], [a].[DateOfBirth], [a].[FirstName], [a].[Genre], [a].[LastName]
FROM [Authors] AS [a]
2017-06-18 17:32:29.6554|INFO|Microsoft.EntityFrameworkCore.Storage.Internal.RelationalCommandBuilderFactory|Executed DbCommand (30ms) [Parameters=[@p0='?', @p1='?', @p2='?', @p3='?', @p4='?', @p5='?'], CommandType='Text', CommandTimeout='30']
SET NOCOUNT ON;
DELETE FROM [Authors]
WHERE [Id] = @p0;
SELECT @@ROWCOUNT;
DELETE FROM [Authors]
WHERE [Id] = @p1;
SELECT @@ROWCOUNT;
DELETE FROM [Authors]
WHERE [Id] = @p2;
SELECT @@ROWCOUNT;
DELETE FROM [Authors]
WHERE [Id] = @p3;
SELECT @@ROWCOUNT;
DELETE FROM [Authors]
WHERE [Id] = @p4;
SELECT @@ROWCOUNT;
DELETE FROM [Authors]
WHERE [Id] = @p5;
SELECT @@ROWCOUNT;
2017-06-18 17:32:29.8151|INFO|Microsoft.EntityFrameworkCore.Storage.Internal.RelationalCommandBuilderFactory|Executed DbCommand (2ms) [Parameters=[@p0='?', @p1='?', @p2='?' (Size = 50), @p3='?' (Size = 50), @p4='?' (Size = 50), @p5='?', @p6='?', @p7='?' (Size = 50), @p8='?' (Size = 50), @p9='?' (Size = 50), @p10='?', @p11='?', @p12='?' (Size = 50), @p13='?' (Size = 50), @p14='?' (Size = 50), @p15='?', @p16='?', @p17='?' (Size = 50), @p18='?' (Size = 50), @p19='?' (Size = 50), @p20='?', @p21='?', @p22='?' (Size = 50), @p23='?' (Size = 50), @p24='?' (Size = 50), @p25='?', @p26='?', @p27='?' (Size = 50), @p28='?' (Size = 50), @p29='?' (Size = 50)], CommandType='Text', CommandTimeout='30']
SET NOCOUNT ON;
INSERT INTO [Authors] ([Id], [DateOfBirth], [FirstName], [Genre], [LastName])
VALUES (@p0, @p1, @p2, @p3, @p4),
(@p5, @p6, @p7, @p8, @p9),
(@p10, @p11, @p12, @p13, @p14),
(@p15, @p16, @p17, @p18, @p19),
(@p20, @p21, @p22, @p23, @p24),
(@p25, @p26, @p27, @p28, @p29);
2017-06-18 17:32:29.8571|INFO|Microsoft.EntityFrameworkCore.Storage.Internal.RelationalCommandBuilderFactory|Executed DbCommand (5ms) [Parameters=[@p30='?', @p31='?', @p32='?' (Size = 500), @p33='?' (Size = 100), @p34='?', @p35='?', @p36='?' (Size = 500), @p37='?' (Size = 100), @p38='?', @p39='?', @p40='?' (Size = 500), @p41='?' (Size = 100), @p42='?', @p43='?', @p44='?' (Size = 500), @p45='?' (Size = 100), @p46='?', @p47='?', @p48='?' (Size = 500), @p49='?' (Size = 100), @p50='?', @p51='?', @p52='?' (Size = 500), @p53='?' (Size = 100), @p54='?', @p55='?', @p56='?' (Size = 500), @p57='?' (Size = 100), @p58='?', @p59='?', @p60='?' (Size = 500), @p61='?' (Size = 100), @p62='?', @p63='?', @p64='?' (Size = 500), @p65='?' (Size = 100), @p66='?', @p67='?', @p68='?' (Size = 500), @p69='?' (Size = 100), @p70='?', @p71='?', @p72='?' (Size = 500), @p73='?' (Size = 100)], CommandType='Text', CommandTimeout='30']
SET NOCOUNT ON;
INSERT INTO [Books] ([Id], [AuthorId], [Description], [Title])
VALUES (@p30, @p31, @p32, @p33),
(@p34, @p35, @p36, @p37),
(@p38, @p39, @p40, @p41),
(@p42, @p43, @p44, @p45),
(@p46, @p47, @p48, @p49),
(@p50, @p51, @p52, @p53),
(@p54, @p55, @p56, @p57),
(@p58, @p59, @p60, @p61),
(@p62, @p63, @p64, @p65),
(@p66, @p67, @p68, @p69),
(@p70, @p71, @p72, @p73);
2017-06-18 17:32:30.7511|INFO|Microsoft.AspNetCore.Hosting.Internal.WebHost|Request starting HTTP/1.1 DEBUG http://localhost:6058/  0
2017-06-18 17:32:30.7511|INFO|Microsoft.AspNetCore.Hosting.Internal.WebHost|Request starting HTTP/1.1 GET http://localhost:6058/api/authors  
2017-06-18 17:32:30.7866|INFO|Microsoft.AspNetCore.Hosting.Internal.WebHost|Request starting HTTP/1.1 GET http://localhost:6058/  
2017-06-18 17:32:30.8852|INFO|Microsoft.AspNetCore.Hosting.Internal.WebHost|Request finished in 147.0815ms 200 
2017-06-18 17:32:31.1620|INFO|Microsoft.AspNetCore.Hosting.Internal.WebHost|Request finished in 456.4012ms 404 
2017-06-18 17:32:31.2050|INFO|Microsoft.AspNetCore.Hosting.Internal.WebHost|Request starting HTTP/1.1 GET http://localhost:6058/favicon.ico  
2017-06-18 17:32:31.2111|INFO|Microsoft.AspNetCore.Hosting.Internal.WebHost|Request finished in 5.0592ms 404 
2017-06-18 17:32:31.3152|INFO|Microsoft.EntityFrameworkCore.Storage.Internal.RelationalCommandBuilderFactory|Executed DbCommand (0ms) [Parameters=[], CommandType='Text', CommandTimeout='30']
SELECT OBJECT_ID(N'__EFMigrationsHistory');
2017-06-18 17:32:31.3202|INFO|Microsoft.EntityFrameworkCore.Storage.Internal.RelationalCommandBuilderFactory|Executed DbCommand (0ms) [Parameters=[], CommandType='Text', CommandTimeout='30']
SELECT OBJECT_ID(N'__EFMigrationsHistory');
2017-06-18 17:32:31.3202|INFO|Microsoft.EntityFrameworkCore.Storage.Internal.RelationalCommandBuilderFactory|Executed DbCommand (0ms) [Parameters=[], CommandType='Text', CommandTimeout='30']
SELECT [MigrationId], [ProductVersion]
FROM [__EFMigrationsHistory]
ORDER BY [MigrationId];
2017-06-18 17:32:31.3938|INFO|Microsoft.AspNetCore.Mvc.Internal.ControllerActionInvoker|Executing action method Library.API.Controllers.AuthorsController.GetAuthors (Library.API) with arguments () - ModelState is Valid
2017-06-18 17:32:31.5243|INFO|Microsoft.EntityFrameworkCore.Storage.Internal.RelationalCommandBuilderFactory|Executed DbCommand (0ms) [Parameters=[], CommandType='Text', CommandTimeout='30']
SELECT [a].[Id], [a].[DateOfBirth], [a].[FirstName], [a].[Genre], [a].[LastName]
FROM [Authors] AS [a]
ORDER BY [a].[FirstName], [a].[LastName]
2017-06-18 17:32:31.5943|INFO|Microsoft.AspNetCore.Mvc.Internal.ObjectResultExecutor|Executing ObjectResult, writing value Microsoft.AspNetCore.Mvc.ControllerContext.
2017-06-18 17:32:31.8495|INFO|Microsoft.AspNetCore.Mvc.Internal.ControllerActionInvoker|Executed action Library.API.Controllers.AuthorsController.GetAuthors (Library.API) in 565.3121ms
2017-06-18 17:32:31.8495|INFO|Microsoft.AspNetCore.Hosting.Internal.WebHost|Request finished in 1153.4726ms 200 application/json; charset=utf-8
2017-06-18 17:34:41.2810|INFO|Microsoft.AspNetCore.Hosting.Internal.WebHost|Request starting HTTP/1.1 GET http://localhost:6058/api/authors/76053df4-6687-4353-8937-b45556748abe  
2017-06-18 17:34:41.3440|INFO|Microsoft.EntityFrameworkCore.Storage.Internal.RelationalCommandBuilderFactory|Executed DbCommand (5ms) [Parameters=[], CommandType='Text', CommandTimeout='30']
SELECT OBJECT_ID(N'__EFMigrationsHistory');
2017-06-18 17:34:41.3495|INFO|Microsoft.EntityFrameworkCore.Storage.Internal.RelationalCommandBuilderFactory|Executed DbCommand (0ms) [Parameters=[], CommandType='Text', CommandTimeout='30']
SELECT OBJECT_ID(N'__EFMigrationsHistory');
2017-06-18 17:34:41.3495|INFO|Microsoft.EntityFrameworkCore.Storage.Internal.RelationalCommandBuilderFactory|Executed DbCommand (0ms) [Parameters=[], CommandType='Text', CommandTimeout='30']
SELECT [MigrationId], [ProductVersion]
FROM [__EFMigrationsHistory]
ORDER BY [MigrationId];
2017-06-18 17:34:41.5112|INFO|Microsoft.AspNetCore.Mvc.Internal.ControllerActionInvoker|Executing action method Library.API.Controllers.AuthorsController.GetAuthor (Library.API) with arguments (76053df4-6687-4353-8937-b45556748abe) - ModelState is Valid
2017-06-18 17:34:41.7624|INFO|Microsoft.EntityFrameworkCore.Storage.Internal.RelationalCommandBuilderFactory|Executed DbCommand (0ms) [Parameters=[@__authorId_0='?'], CommandType='Text', CommandTimeout='30']
SELECT TOP(1) [a].[Id], [a].[DateOfBirth], [a].[FirstName], [a].[Genre], [a].[LastName]
FROM [Authors] AS [a]
WHERE [a].[Id] = @__authorId_0
2017-06-18 17:34:41.7739|INFO|Microsoft.AspNetCore.Mvc.Internal.ObjectResultExecutor|Executing ObjectResult, writing value Microsoft.AspNetCore.Mvc.ControllerContext.
2017-06-18 17:34:41.7739|INFO|Microsoft.AspNetCore.Mvc.Internal.ControllerActionInvoker|Executed action Library.API.Controllers.AuthorsController.GetAuthor (Library.API) in 494.7695ms
2017-06-18 17:34:41.7739|INFO|Microsoft.AspNetCore.Hosting.Internal.WebHost|Request finished in 507.4981ms 200 application/json; charset=utf-8
2017-06-18 17:35:33.4568|INFO|Microsoft.AspNetCore.Hosting.Internal.WebHost|Request starting HTTP/1.1 GET http://localhost:6058/api/authors/76053df4-6687-4353-8937-b45556748abe  
2017-06-18 17:35:33.4653|INFO|Microsoft.EntityFrameworkCore.Storage.Internal.RelationalCommandBuilderFactory|Executed DbCommand (0ms) [Parameters=[], CommandType='Text', CommandTimeout='30']
SELECT OBJECT_ID(N'__EFMigrationsHistory');
2017-06-18 17:35:33.4653|INFO|Microsoft.EntityFrameworkCore.Storage.Internal.RelationalCommandBuilderFactory|Executed DbCommand (0ms) [Parameters=[], CommandType='Text', CommandTimeout='30']
SELECT OBJECT_ID(N'__EFMigrationsHistory');
2017-06-18 17:35:33.4778|INFO|Microsoft.EntityFrameworkCore.Storage.Internal.RelationalCommandBuilderFactory|Executed DbCommand (0ms) [Parameters=[], CommandType='Text', CommandTimeout='30']
SELECT [MigrationId], [ProductVersion]
FROM [__EFMigrationsHistory]
ORDER BY [MigrationId];
2017-06-18 17:35:33.4778|INFO|Microsoft.AspNetCore.Mvc.Internal.ControllerActionInvoker|Executing action method Library.API.Controllers.AuthorsController.GetAuthor (Library.API) with arguments (76053df4-6687-4353-8937-b45556748abe) - ModelState is Valid
2017-06-18 17:35:33.5049|INFO|Microsoft.EntityFrameworkCore.Storage.Internal.RelationalCommandBuilderFactory|Executed DbCommand (0ms) [Parameters=[@__authorId_0='?'], CommandType='Text', CommandTimeout='30']
SELECT TOP(1) [a].[Id], [a].[DateOfBirth], [a].[FirstName], [a].[Genre], [a].[LastName]
FROM [Authors] AS [a]
WHERE [a].[Id] = @__authorId_0
2017-06-18 17:35:33.5049|INFO|Microsoft.AspNetCore.Mvc.Internal.ObjectResultExecutor|Executing ObjectResult, writing value Microsoft.AspNetCore.Mvc.ControllerContext.
2017-06-18 17:35:33.5049|INFO|Microsoft.AspNetCore.Mvc.Internal.ControllerActionInvoker|Executed action Library.API.Controllers.AuthorsController.GetAuthor (Library.API) in 52.1909ms
2017-06-18 17:35:33.5239|INFO|Microsoft.AspNetCore.Hosting.Internal.WebHost|Request finished in 65.5607ms 200 application/json; charset=utf-8
2017-06-18 17:35:47.1179|INFO|Microsoft.AspNetCore.Hosting.Internal.WebHost|Request starting HTTP/1.1 GET http://localhost:6058/api/authors  
2017-06-18 17:35:47.1179|INFO|Microsoft.EntityFrameworkCore.Storage.Internal.RelationalCommandBuilderFactory|Executed DbCommand (0ms) [Parameters=[], CommandType='Text', CommandTimeout='30']
SELECT OBJECT_ID(N'__EFMigrationsHistory');
2017-06-18 17:35:47.1309|INFO|Microsoft.EntityFrameworkCore.Storage.Internal.RelationalCommandBuilderFactory|Executed DbCommand (0ms) [Parameters=[], CommandType='Text', CommandTimeout='30']
SELECT OBJECT_ID(N'__EFMigrationsHistory');
2017-06-18 17:35:47.1309|INFO|Microsoft.EntityFrameworkCore.Storage.Internal.RelationalCommandBuilderFactory|Executed DbCommand (0ms) [Parameters=[], CommandType='Text', CommandTimeout='30']
SELECT [MigrationId], [ProductVersion]
FROM [__EFMigrationsHistory]
ORDER BY [MigrationId];
2017-06-18 17:35:47.1309|INFO|Microsoft.AspNetCore.Mvc.Internal.ControllerActionInvoker|Executing action method Library.API.Controllers.AuthorsController.GetAuthors (Library.API) with arguments () - ModelState is Valid
2017-06-18 17:35:47.1309|INFO|Microsoft.EntityFrameworkCore.Storage.Internal.RelationalCommandBuilderFactory|Executed DbCommand (0ms) [Parameters=[], CommandType='Text', CommandTimeout='30']
SELECT [a].[Id], [a].[DateOfBirth], [a].[FirstName], [a].[Genre], [a].[LastName]
FROM [Authors] AS [a]
ORDER BY [a].[FirstName], [a].[LastName]
2017-06-18 17:35:47.1499|INFO|Microsoft.AspNetCore.Mvc.Internal.ObjectResultExecutor|Executing ObjectResult, writing value Microsoft.AspNetCore.Mvc.ControllerContext.
2017-06-18 17:35:47.1499|INFO|Microsoft.AspNetCore.Mvc.Internal.ControllerActionInvoker|Executed action Library.API.Controllers.AuthorsController.GetAuthors (Library.API) in 29.3385ms
2017-06-18 17:35:47.1499|INFO|Microsoft.AspNetCore.Hosting.Internal.WebHost|Request finished in 40.2811ms 200 application/json; charset=utf-8
2017-06-18 17:36:04.0955|INFO|Microsoft.AspNetCore.Hosting.Internal.WebHost|Request starting HTTP/1.1 GET http://localhost:6058/api/authors/76053df4-6687-4353-8937-b45556748abe  
2017-06-18 17:36:04.1015|INFO|Microsoft.EntityFrameworkCore.Storage.Internal.RelationalCommandBuilderFactory|Executed DbCommand (0ms) [Parameters=[], CommandType='Text', CommandTimeout='30']
SELECT OBJECT_ID(N'__EFMigrationsHistory');
2017-06-18 17:36:04.1185|INFO|Microsoft.EntityFrameworkCore.Storage.Internal.RelationalCommandBuilderFactory|Executed DbCommand (0ms) [Parameters=[], CommandType='Text', CommandTimeout='30']
SELECT OBJECT_ID(N'__EFMigrationsHistory');
2017-06-18 17:36:04.1185|INFO|Microsoft.EntityFrameworkCore.Storage.Internal.RelationalCommandBuilderFactory|Executed DbCommand (0ms) [Parameters=[], CommandType='Text', CommandTimeout='30']
SELECT [MigrationId], [ProductVersion]
FROM [__EFMigrationsHistory]
ORDER BY [MigrationId];
2017-06-18 17:36:04.1345|INFO|Microsoft.AspNetCore.Mvc.Internal.ControllerActionInvoker|Executing action method Library.API.Controllers.AuthorsController.GetAuthor (Library.API) with arguments (76053df4-6687-4353-8937-b45556748abe) - ModelState is Valid
2017-06-18 17:36:04.1345|INFO|Microsoft.EntityFrameworkCore.Storage.Internal.RelationalCommandBuilderFactory|Executed DbCommand (0ms) [Parameters=[@__authorId_0='?'], CommandType='Text', CommandTimeout='30']
SELECT TOP(1) [a].[Id], [a].[DateOfBirth], [a].[FirstName], [a].[Genre], [a].[LastName]
FROM [Authors] AS [a]
WHERE [a].[Id] = @__authorId_0
2017-06-18 17:36:04.1496|INFO|Microsoft.AspNetCore.Mvc.Internal.ObjectResultExecutor|Executing ObjectResult, writing value Microsoft.AspNetCore.Mvc.ControllerContext.
2017-06-18 17:36:04.1496|INFO|Microsoft.AspNetCore.Mvc.Internal.ControllerActionInvoker|Executed action Library.API.Controllers.AuthorsController.GetAuthor (Library.API) in 52.9579ms
2017-06-18 17:36:04.1686|INFO|Microsoft.AspNetCore.Hosting.Internal.WebHost|Request finished in 68.7539ms 200 application/json; charset=utf-8
2017-06-18 17:43:57.8702|INFO|Microsoft.AspNetCore.Hosting.Internal.WebHost|Request starting HTTP/1.1 POST http://localhost:6058/api/authors application/json 112
2017-06-18 17:43:57.9423|INFO|Microsoft.EntityFrameworkCore.Storage.Internal.RelationalCommandBuilderFactory|Executed DbCommand (1ms) [Parameters=[], CommandType='Text', CommandTimeout='30']
SELECT OBJECT_ID(N'__EFMigrationsHistory');
2017-06-18 17:43:57.9683|INFO|Microsoft.EntityFrameworkCore.Storage.Internal.RelationalCommandBuilderFactory|Executed DbCommand (0ms) [Parameters=[], CommandType='Text', CommandTimeout='30']
SELECT OBJECT_ID(N'__EFMigrationsHistory');
2017-06-18 17:43:57.9743|INFO|Microsoft.EntityFrameworkCore.Storage.Internal.RelationalCommandBuilderFactory|Executed DbCommand (0ms) [Parameters=[], CommandType='Text', CommandTimeout='30']
SELECT [MigrationId], [ProductVersion]
FROM [__EFMigrationsHistory]
ORDER BY [MigrationId];
2017-06-18 17:43:58.0554|INFO|Microsoft.AspNetCore.Mvc.Internal.ControllerActionInvoker|Executing action method Library.API.Controllers.AuthorsController.CreateAuthor (Library.API) with arguments (Library.API.Models.AuthorForCreationDto) - ModelState is Valid
2017-06-18 17:43:58.0889|INFO|Microsoft.EntityFrameworkCore.Storage.Internal.RelationalCommandBuilderFactory|Executed DbCommand (0ms) [Parameters=[@p0='?', @p1='?', @p2='?' (Size = 50), @p3='?' (Size = 50), @p4='?' (Size = 50)], CommandType='Text', CommandTimeout='30']
SET NOCOUNT ON;
INSERT INTO [Authors] ([Id], [DateOfBirth], [FirstName], [Genre], [LastName])
VALUES (@p0, @p1, @p2, @p3, @p4);
2017-06-18 17:43:58.0989|INFO|Microsoft.AspNetCore.Mvc.Internal.ObjectResultExecutor|Executing ObjectResult, writing value Microsoft.AspNetCore.Mvc.ControllerContext.
2017-06-18 17:43:58.1220|INFO|Microsoft.AspNetCore.Mvc.Internal.ControllerActionInvoker|Executed action Library.API.Controllers.AuthorsController.CreateAuthor (Library.API) in 246.3483ms
2017-06-18 17:43:58.1220|INFO|Microsoft.AspNetCore.Hosting.Internal.WebHost|Request finished in 278.0543ms 201 application/json; charset=utf-8
2017-06-18 17:44:17.2849|INFO|Microsoft.AspNetCore.Hosting.Internal.WebHost|Request starting HTTP/1.1 GET http://localhost:6058/api/authors  
2017-06-18 17:44:17.2919|INFO|Microsoft.EntityFrameworkCore.Storage.Internal.RelationalCommandBuilderFactory|Executed DbCommand (0ms) [Parameters=[], CommandType='Text', CommandTimeout='30']
SELECT OBJECT_ID(N'__EFMigrationsHistory');
2017-06-18 17:44:17.3039|INFO|Microsoft.EntityFrameworkCore.Storage.Internal.RelationalCommandBuilderFactory|Executed DbCommand (1ms) [Parameters=[], CommandType='Text', CommandTimeout='30']
SELECT OBJECT_ID(N'__EFMigrationsHistory');
2017-06-18 17:44:17.3039|INFO|Microsoft.EntityFrameworkCore.Storage.Internal.RelationalCommandBuilderFactory|Executed DbCommand (0ms) [Parameters=[], CommandType='Text', CommandTimeout='30']
SELECT [MigrationId], [ProductVersion]
FROM [__EFMigrationsHistory]
ORDER BY [MigrationId];
2017-06-18 17:44:17.3039|INFO|Microsoft.AspNetCore.Mvc.Internal.ControllerActionInvoker|Executing action method Library.API.Controllers.AuthorsController.GetAuthors (Library.API) with arguments () - ModelState is Valid
2017-06-18 17:44:17.3219|INFO|Microsoft.EntityFrameworkCore.Storage.Internal.RelationalCommandBuilderFactory|Executed DbCommand (0ms) [Parameters=[], CommandType='Text', CommandTimeout='30']
SELECT [a].[Id], [a].[DateOfBirth], [a].[FirstName], [a].[Genre], [a].[LastName]
FROM [Authors] AS [a]
ORDER BY [a].[FirstName], [a].[LastName]
2017-06-18 17:44:17.3219|INFO|Microsoft.AspNetCore.Mvc.Internal.ObjectResultExecutor|Executing ObjectResult, writing value Microsoft.AspNetCore.Mvc.ControllerContext.
2017-06-18 17:44:17.3219|INFO|Microsoft.AspNetCore.Mvc.Internal.ControllerActionInvoker|Executed action Library.API.Controllers.AuthorsController.GetAuthors (Library.API) in 39.922ms
2017-06-18 17:44:17.3374|INFO|Microsoft.AspNetCore.Hosting.Internal.WebHost|Request finished in 53.419ms 200 application/json; charset=utf-8
2017-06-18 17:45:16.8276|INFO|Microsoft.AspNetCore.Hosting.Internal.WebHost|Request starting HTTP/1.1 GET http://localhost:6058/api/authors  
2017-06-18 17:45:16.8361|INFO|Microsoft.EntityFrameworkCore.Storage.Internal.RelationalCommandBuilderFactory|Executed DbCommand (0ms) [Parameters=[], CommandType='Text', CommandTimeout='30']
SELECT OBJECT_ID(N'__EFMigrationsHistory');
2017-06-18 17:45:16.8361|INFO|Microsoft.EntityFrameworkCore.Storage.Internal.RelationalCommandBuilderFactory|Executed DbCommand (1ms) [Parameters=[], CommandType='Text', CommandTimeout='30']
SELECT OBJECT_ID(N'__EFMigrationsHistory');
2017-06-18 17:45:16.8506|INFO|Microsoft.EntityFrameworkCore.Storage.Internal.RelationalCommandBuilderFactory|Executed DbCommand (0ms) [Parameters=[], CommandType='Text', CommandTimeout='30']
SELECT [MigrationId], [ProductVersion]
FROM [__EFMigrationsHistory]
ORDER BY [MigrationId];
2017-06-18 17:45:16.8506|INFO|Microsoft.AspNetCore.Mvc.Internal.ControllerActionInvoker|Executing action method Library.API.Controllers.AuthorsController.GetAuthors (Library.API) with arguments () - ModelState is Valid
2017-06-18 17:45:16.8506|INFO|Microsoft.EntityFrameworkCore.Storage.Internal.RelationalCommandBuilderFactory|Executed DbCommand (0ms) [Parameters=[], CommandType='Text', CommandTimeout='30']
SELECT [a].[Id], [a].[DateOfBirth], [a].[FirstName], [a].[Genre], [a].[LastName]
FROM [Authors] AS [a]
ORDER BY [a].[FirstName], [a].[LastName]
2017-06-18 17:45:16.8506|INFO|Microsoft.AspNetCore.Mvc.Internal.ObjectResultExecutor|Executing ObjectResult, writing value Microsoft.AspNetCore.Mvc.ControllerContext.
2017-06-18 17:45:16.8681|INFO|Microsoft.AspNetCore.Mvc.Internal.ControllerActionInvoker|Executed action Library.API.Controllers.AuthorsController.GetAuthors (Library.API) in 32.9512ms
2017-06-18 17:45:16.8681|INFO|Microsoft.AspNetCore.Hosting.Internal.WebHost|Request finished in 47.5241ms 200 application/json; charset=utf-8
2017-06-18 17:45:20.0499|INFO|Microsoft.AspNetCore.Hosting.Internal.WebHost|Request starting HTTP/1.1 GET http://localhost:6058/api/authors/a8d15573-ec65-4f48-97d2-2e7c0a726c33  
2017-06-18 17:45:20.0569|INFO|Microsoft.EntityFrameworkCore.Storage.Internal.RelationalCommandBuilderFactory|Executed DbCommand (0ms) [Parameters=[], CommandType='Text', CommandTimeout='30']
SELECT OBJECT_ID(N'__EFMigrationsHistory');
2017-06-18 17:45:20.0569|INFO|Microsoft.EntityFrameworkCore.Storage.Internal.RelationalCommandBuilderFactory|Executed DbCommand (0ms) [Parameters=[], CommandType='Text', CommandTimeout='30']
SELECT OBJECT_ID(N'__EFMigrationsHistory');
2017-06-18 17:45:20.0569|INFO|Microsoft.EntityFrameworkCore.Storage.Internal.RelationalCommandBuilderFactory|Executed DbCommand (0ms) [Parameters=[], CommandType='Text', CommandTimeout='30']
SELECT [MigrationId], [ProductVersion]
FROM [__EFMigrationsHistory]
ORDER BY [MigrationId];
2017-06-18 17:45:20.0699|INFO|Microsoft.AspNetCore.Mvc.Internal.ControllerActionInvoker|Executing action method Library.API.Controllers.AuthorsController.GetAuthor (Library.API) with arguments (a8d15573-ec65-4f48-97d2-2e7c0a726c33) - ModelState is Valid
2017-06-18 17:45:20.0699|INFO|Microsoft.EntityFrameworkCore.Storage.Internal.RelationalCommandBuilderFactory|Executed DbCommand (0ms) [Parameters=[@__authorId_0='?'], CommandType='Text', CommandTimeout='30']
SELECT TOP(1) [a].[Id], [a].[DateOfBirth], [a].[FirstName], [a].[Genre], [a].[LastName]
FROM [Authors] AS [a]
WHERE [a].[Id] = @__authorId_0
2017-06-18 17:45:20.0860|INFO|Microsoft.AspNetCore.Mvc.StatusCodeResult|Executing HttpStatusCodeResult, setting HTTP status code 404
2017-06-18 17:45:20.0860|INFO|Microsoft.AspNetCore.Mvc.Internal.ControllerActionInvoker|Executed action Library.API.Controllers.AuthorsController.GetAuthor (Library.API) in 36.5438ms
2017-06-18 17:45:20.0860|INFO|Microsoft.AspNetCore.Hosting.Internal.WebHost|Request finished in 43.9625ms 404 
2017-06-18 17:45:28.9226|INFO|Microsoft.AspNetCore.Hosting.Internal.WebHost|Request starting HTTP/1.1 GET http://localhost:6058/api/authors/76053df4-6687-4353-8937-b45556748abe  
2017-06-18 17:45:28.9416|INFO|Microsoft.EntityFrameworkCore.Storage.Internal.RelationalCommandBuilderFactory|Executed DbCommand (3ms) [Parameters=[], CommandType='Text', CommandTimeout='30']
SELECT OBJECT_ID(N'__EFMigrationsHistory');
2017-06-18 17:45:28.9546|INFO|Microsoft.EntityFrameworkCore.Storage.Internal.RelationalCommandBuilderFactory|Executed DbCommand (1ms) [Parameters=[], CommandType='Text', CommandTimeout='30']
SELECT OBJECT_ID(N'__EFMigrationsHistory');
2017-06-18 17:45:28.9586|INFO|Microsoft.EntityFrameworkCore.Storage.Internal.RelationalCommandBuilderFactory|Executed DbCommand (0ms) [Parameters=[], CommandType='Text', CommandTimeout='30']
SELECT [MigrationId], [ProductVersion]
FROM [__EFMigrationsHistory]
ORDER BY [MigrationId];
2017-06-18 17:45:28.9586|INFO|Microsoft.AspNetCore.Mvc.Internal.ControllerActionInvoker|Executing action method Library.API.Controllers.AuthorsController.GetAuthor (Library.API) with arguments (76053df4-6687-4353-8937-b45556748abe) - ModelState is Valid
2017-06-18 17:45:28.9586|INFO|Microsoft.EntityFrameworkCore.Storage.Internal.RelationalCommandBuilderFactory|Executed DbCommand (0ms) [Parameters=[@__authorId_0='?'], CommandType='Text', CommandTimeout='30']
SELECT TOP(1) [a].[Id], [a].[DateOfBirth], [a].[FirstName], [a].[Genre], [a].[LastName]
FROM [Authors] AS [a]
WHERE [a].[Id] = @__authorId_0
2017-06-18 17:45:28.9586|INFO|Microsoft.AspNetCore.Mvc.Internal.ObjectResultExecutor|Executing ObjectResult, writing value Microsoft.AspNetCore.Mvc.ControllerContext.
2017-06-18 17:45:28.9756|INFO|Microsoft.AspNetCore.Mvc.Internal.ControllerActionInvoker|Executed action Library.API.Controllers.AuthorsController.GetAuthor (Library.API) in 44.239ms
2017-06-18 17:45:28.9756|INFO|Microsoft.AspNetCore.Hosting.Internal.WebHost|Request finished in 58.8716ms 200 application/json; charset=utf-8
2017-06-18 17:51:19.4063|INFO|Microsoft.EntityFrameworkCore.Storage.Internal.RelationalCommandBuilderFactory|Executed DbCommand (0ms) [Parameters=[], CommandType='Text', CommandTimeout='30']
SELECT [a].[Id], [a].[DateOfBirth], [a].[FirstName], [a].[Genre], [a].[LastName]
FROM [Authors] AS [a]
2017-06-18 17:51:19.7806|INFO|Microsoft.EntityFrameworkCore.Storage.Internal.RelationalCommandBuilderFactory|Executed DbCommand (20ms) [Parameters=[@p0='?', @p1='?', @p2='?', @p3='?', @p4='?', @p5='?', @p6='?'], CommandType='Text', CommandTimeout='30']
SET NOCOUNT ON;
DELETE FROM [Authors]
WHERE [Id] = @p0;
SELECT @@ROWCOUNT;
DELETE FROM [Authors]
WHERE [Id] = @p1;
SELECT @@ROWCOUNT;
DELETE FROM [Authors]
WHERE [Id] = @p2;
SELECT @@ROWCOUNT;
DELETE FROM [Authors]
WHERE [Id] = @p3;
SELECT @@ROWCOUNT;
DELETE FROM [Authors]
WHERE [Id] = @p4;
SELECT @@ROWCOUNT;
DELETE FROM [Authors]
WHERE [Id] = @p5;
SELECT @@ROWCOUNT;
DELETE FROM [Authors]
WHERE [Id] = @p6;
SELECT @@ROWCOUNT;
2017-06-18 17:51:19.8852|INFO|Microsoft.EntityFrameworkCore.Storage.Internal.RelationalCommandBuilderFactory|Executed DbCommand (1ms) [Parameters=[@p0='?', @p1='?', @p2='?' (Size = 50), @p3='?' (Size = 50), @p4='?' (Size = 50), @p5='?', @p6='?', @p7='?' (Size = 50), @p8='?' (Size = 50), @p9='?' (Size = 50), @p10='?', @p11='?', @p12='?' (Size = 50), @p13='?' (Size = 50), @p14='?' (Size = 50), @p15='?', @p16='?', @p17='?' (Size = 50), @p18='?' (Size = 50), @p19='?' (Size = 50), @p20='?', @p21='?', @p22='?' (Size = 50), @p23='?' (Size = 50), @p24='?' (Size = 50), @p25='?', @p26='?', @p27='?' (Size = 50), @p28='?' (Size = 50), @p29='?' (Size = 50)], CommandType='Text', CommandTimeout='30']
SET NOCOUNT ON;
INSERT INTO [Authors] ([Id], [DateOfBirth], [FirstName], [Genre], [LastName])
VALUES (@p0, @p1, @p2, @p3, @p4),
(@p5, @p6, @p7, @p8, @p9),
(@p10, @p11, @p12, @p13, @p14),
(@p15, @p16, @p17, @p18, @p19),
(@p20, @p21, @p22, @p23, @p24),
(@p25, @p26, @p27, @p28, @p29);
2017-06-18 17:51:19.8852|INFO|Microsoft.EntityFrameworkCore.Storage.Internal.RelationalCommandBuilderFactory|Executed DbCommand (0ms) [Parameters=[@p30='?', @p31='?', @p32='?' (Size = 500), @p33='?' (Size = 100), @p34='?', @p35='?', @p36='?' (Size = 500), @p37='?' (Size = 100), @p38='?', @p39='?', @p40='?' (Size = 500), @p41='?' (Size = 100), @p42='?', @p43='?', @p44='?' (Size = 500), @p45='?' (Size = 100), @p46='?', @p47='?', @p48='?' (Size = 500), @p49='?' (Size = 100), @p50='?', @p51='?', @p52='?' (Size = 500), @p53='?' (Size = 100), @p54='?', @p55='?', @p56='?' (Size = 500), @p57='?' (Size = 100), @p58='?', @p59='?', @p60='?' (Size = 500), @p61='?' (Size = 100), @p62='?', @p63='?', @p64='?' (Size = 500), @p65='?' (Size = 100), @p66='?', @p67='?', @p68='?' (Size = 500), @p69='?' (Size = 100), @p70='?', @p71='?', @p72='?' (Size = 500), @p73='?' (Size = 100)], CommandType='Text', CommandTimeout='30']
SET NOCOUNT ON;
INSERT INTO [Books] ([Id], [AuthorId], [Description], [Title])
VALUES (@p30, @p31, @p32, @p33),
(@p34, @p35, @p36, @p37),
(@p38, @p39, @p40, @p41),
(@p42, @p43, @p44, @p45),
(@p46, @p47, @p48, @p49),
(@p50, @p51, @p52, @p53),
(@p54, @p55, @p56, @p57),
(@p58, @p59, @p60, @p61),
(@p62, @p63, @p64, @p65),
(@p66, @p67, @p68, @p69),
(@p70, @p71, @p72, @p73);
2017-06-18 17:51:20.5918|INFO|Microsoft.AspNetCore.Hosting.Internal.WebHost|Request starting HTTP/1.1 DEBUG http://localhost:6058/  0
2017-06-18 17:51:20.5918|INFO|Microsoft.AspNetCore.Hosting.Internal.WebHost|Request starting HTTP/1.1 GET http://localhost:6058/api/authors/b29e03b5-ba28-4489-8834-689de28af370/books  
2017-06-18 17:51:20.5918|INFO|Microsoft.AspNetCore.Hosting.Internal.WebHost|Request starting HTTP/1.1 GET http://localhost:6058/  
2017-06-18 17:51:20.6904|INFO|Microsoft.AspNetCore.Hosting.Internal.WebHost|Request finished in 124.982ms 200 
2017-06-18 17:51:20.9977|INFO|Microsoft.AspNetCore.Hosting.Internal.WebHost|Request finished in 453.718ms 404 
2017-06-18 17:51:21.0307|INFO|Microsoft.AspNetCore.Hosting.Internal.WebHost|Request starting HTTP/1.1 GET http://localhost:6058/favicon.ico  
2017-06-18 17:51:21.0383|INFO|Microsoft.AspNetCore.Hosting.Internal.WebHost|Request finished in 9.8336ms 404 
2017-06-18 17:51:21.1904|INFO|Microsoft.EntityFrameworkCore.Storage.Internal.RelationalCommandBuilderFactory|Executed DbCommand (5ms) [Parameters=[], CommandType='Text', CommandTimeout='30']
SELECT OBJECT_ID(N'__EFMigrationsHistory');
2017-06-18 17:51:21.2044|INFO|Microsoft.EntityFrameworkCore.Storage.Internal.RelationalCommandBuilderFactory|Executed DbCommand (0ms) [Parameters=[], CommandType='Text', CommandTimeout='30']
SELECT OBJECT_ID(N'__EFMigrationsHistory');
2017-06-18 17:51:21.2089|INFO|Microsoft.EntityFrameworkCore.Storage.Internal.RelationalCommandBuilderFactory|Executed DbCommand (0ms) [Parameters=[], CommandType='Text', CommandTimeout='30']
SELECT [MigrationId], [ProductVersion]
FROM [__EFMigrationsHistory]
ORDER BY [MigrationId];
2017-06-18 17:51:21.3931|INFO|Microsoft.AspNetCore.Mvc.Internal.ControllerActionInvoker|Executing action method Library.API.Controllers.BooksController.GetBooksForAuthor (Library.API) with arguments (b29e03b5-ba28-4489-8834-689de28af370) - ModelState is Valid
2017-06-18 17:51:21.6055|INFO|Microsoft.EntityFrameworkCore.Storage.Internal.RelationalCommandBuilderFactory|Executed DbCommand (1ms) [Parameters=[@__authorId_0='?'], CommandType='Text', CommandTimeout='30']
SELECT CASE
    WHEN EXISTS (
        SELECT 1
        FROM [Authors] AS [a]
        WHERE [a].[Id] = @__authorId_0)
    THEN CAST(1 AS BIT) ELSE CAST(0 AS BIT)
END
2017-06-18 17:51:21.6286|INFO|Microsoft.AspNetCore.Mvc.StatusCodeResult|Executing HttpStatusCodeResult, setting HTTP status code 404
2017-06-18 17:51:21.6451|INFO|Microsoft.AspNetCore.Mvc.Internal.ControllerActionInvoker|Executed action Library.API.Controllers.BooksController.GetBooksForAuthor (Library.API) in 523.5006ms
2017-06-18 17:51:21.6546|INFO|Microsoft.AspNetCore.Hosting.Internal.WebHost|Request finished in 1114.1091ms 404 
2017-06-18 17:51:27.6786|INFO|Microsoft.AspNetCore.Hosting.Internal.WebHost|Request starting HTTP/1.1 GET http://localhost:6058/api/authors/76053df4-6687-4353-8937-b45556748abe/books  
2017-06-18 17:51:27.6976|INFO|Microsoft.EntityFrameworkCore.Storage.Internal.RelationalCommandBuilderFactory|Executed DbCommand (0ms) [Parameters=[], CommandType='Text', CommandTimeout='30']
SELECT OBJECT_ID(N'__EFMigrationsHistory');
2017-06-18 17:51:27.6976|INFO|Microsoft.EntityFrameworkCore.Storage.Internal.RelationalCommandBuilderFactory|Executed DbCommand (0ms) [Parameters=[], CommandType='Text', CommandTimeout='30']
SELECT OBJECT_ID(N'__EFMigrationsHistory');
2017-06-18 17:51:27.7091|INFO|Microsoft.EntityFrameworkCore.Storage.Internal.RelationalCommandBuilderFactory|Executed DbCommand (0ms) [Parameters=[], CommandType='Text', CommandTimeout='30']
SELECT [MigrationId], [ProductVersion]
FROM [__EFMigrationsHistory]
ORDER BY [MigrationId];
2017-06-18 17:51:27.7091|INFO|Microsoft.AspNetCore.Mvc.Internal.ControllerActionInvoker|Executing action method Library.API.Controllers.BooksController.GetBooksForAuthor (Library.API) with arguments (76053df4-6687-4353-8937-b45556748abe) - ModelState is Valid
2017-06-18 17:51:27.7422|INFO|Microsoft.EntityFrameworkCore.Storage.Internal.RelationalCommandBuilderFactory|Executed DbCommand (0ms) [Parameters=[@__authorId_0='?'], CommandType='Text', CommandTimeout='30']
SELECT CASE
    WHEN EXISTS (
        SELECT 1
        FROM [Authors] AS [a]
        WHERE [a].[Id] = @__authorId_0)
    THEN CAST(1 AS BIT) ELSE CAST(0 AS BIT)
END
2017-06-18 17:51:27.7872|INFO|Microsoft.EntityFrameworkCore.Storage.Internal.RelationalCommandBuilderFactory|Executed DbCommand (2ms) [Parameters=[@__authorId_0='?'], CommandType='Text', CommandTimeout='30']
SELECT [b].[Id], [b].[AuthorId], [b].[Description], [b].[Title]
FROM [Books] AS [b]
WHERE [b].[AuthorId] = @__authorId_0
ORDER BY [b].[Title]
2017-06-18 17:51:27.8593|INFO|Microsoft.AspNetCore.Mvc.Internal.ObjectResultExecutor|Executing ObjectResult, writing value Microsoft.AspNetCore.Mvc.ControllerContext.
2017-06-18 17:51:28.1205|INFO|Microsoft.AspNetCore.Mvc.Internal.ControllerActionInvoker|Executed action Library.API.Controllers.BooksController.GetBooksForAuthor (Library.API) in 433.6205ms
2017-06-18 17:51:28.1205|INFO|Microsoft.AspNetCore.Hosting.Internal.WebHost|Request finished in 446.5391ms 200 application/json; charset=utf-8
2017-06-18 17:52:40.3076|INFO|Microsoft.AspNetCore.Hosting.Internal.WebHost|Request starting HTTP/1.1 GET http://localhost:6058/api/authors/76053df4-6687-4353-8937-b45556748abe/books/bc4c35c3-3857-4250-9449-155fcf5109ec  
2017-06-18 17:52:40.3262|INFO|Microsoft.EntityFrameworkCore.Storage.Internal.RelationalCommandBuilderFactory|Executed DbCommand (1ms) [Parameters=[], CommandType='Text', CommandTimeout='30']
SELECT OBJECT_ID(N'__EFMigrationsHistory');
2017-06-18 17:52:40.3367|INFO|Microsoft.EntityFrameworkCore.Storage.Internal.RelationalCommandBuilderFactory|Executed DbCommand (0ms) [Parameters=[], CommandType='Text', CommandTimeout='30']
SELECT OBJECT_ID(N'__EFMigrationsHistory');
2017-06-18 17:52:40.3367|INFO|Microsoft.EntityFrameworkCore.Storage.Internal.RelationalCommandBuilderFactory|Executed DbCommand (0ms) [Parameters=[], CommandType='Text', CommandTimeout='30']
SELECT [MigrationId], [ProductVersion]
FROM [__EFMigrationsHistory]
ORDER BY [MigrationId];
2017-06-18 17:52:40.3507|INFO|Microsoft.AspNetCore.Mvc.Internal.ControllerActionInvoker|Executing action method Library.API.Controllers.BooksController.GetBookForAuthor (Library.API) with arguments (76053df4-6687-4353-8937-b45556748abe, bc4c35c3-3857-4250-9449-155fcf5109ec) - ModelState is Valid
2017-06-18 17:52:40.3507|INFO|Microsoft.EntityFrameworkCore.Storage.Internal.RelationalCommandBuilderFactory|Executed DbCommand (0ms) [Parameters=[@__authorId_0='?'], CommandType='Text', CommandTimeout='30']
SELECT CASE
    WHEN EXISTS (
        SELECT 1
        FROM [Authors] AS [a]
        WHERE [a].[Id] = @__authorId_0)
    THEN CAST(1 AS BIT) ELSE CAST(0 AS BIT)
END
2017-06-18 17:52:40.4783|INFO|Microsoft.EntityFrameworkCore.Storage.Internal.RelationalCommandBuilderFactory|Executed DbCommand (0ms) [Parameters=[@__authorId_0='?', @__bookId_1='?'], CommandType='Text', CommandTimeout='30']
SELECT TOP(1) [b].[Id], [b].[AuthorId], [b].[Description], [b].[Title]
FROM [Books] AS [b]
WHERE ([b].[AuthorId] = @__authorId_0) AND ([b].[Id] = @__bookId_1)
2017-06-18 17:52:40.4897|INFO|Microsoft.AspNetCore.Mvc.Internal.ObjectResultExecutor|Executing ObjectResult, writing value Microsoft.AspNetCore.Mvc.ControllerContext.
2017-06-18 17:52:40.4897|INFO|Microsoft.AspNetCore.Mvc.Internal.ControllerActionInvoker|Executed action Library.API.Controllers.BooksController.GetBookForAuthor (Library.API) in 180.3212ms
2017-06-18 17:52:40.4897|INFO|Microsoft.AspNetCore.Hosting.Internal.WebHost|Request finished in 191.0273ms 200 application/json; charset=utf-8
2017-06-18 17:52:57.9487|INFO|Microsoft.AspNetCore.Hosting.Internal.WebHost|Request starting HTTP/1.1 GET http://localhost:6058/api/authors/b29e03b5-ba28-4489-8834-689de28af370/books/bc4c35c3-3857-4250-9449-155fcf5109ec  
2017-06-18 17:52:57.9487|INFO|Microsoft.EntityFrameworkCore.Storage.Internal.RelationalCommandBuilderFactory|Executed DbCommand (0ms) [Parameters=[], CommandType='Text', CommandTimeout='30']
SELECT OBJECT_ID(N'__EFMigrationsHistory');
2017-06-18 17:52:57.9707|INFO|Microsoft.EntityFrameworkCore.Storage.Internal.RelationalCommandBuilderFactory|Executed DbCommand (0ms) [Parameters=[], CommandType='Text', CommandTimeout='30']
SELECT OBJECT_ID(N'__EFMigrationsHistory');
2017-06-18 17:52:57.9827|INFO|Microsoft.EntityFrameworkCore.Storage.Internal.RelationalCommandBuilderFactory|Executed DbCommand (0ms) [Parameters=[], CommandType='Text', CommandTimeout='30']
SELECT [MigrationId], [ProductVersion]
FROM [__EFMigrationsHistory]
ORDER BY [MigrationId];
2017-06-18 17:52:57.9827|INFO|Microsoft.AspNetCore.Mvc.Internal.ControllerActionInvoker|Executing action method Library.API.Controllers.BooksController.GetBookForAuthor (Library.API) with arguments (b29e03b5-ba28-4489-8834-689de28af370, bc4c35c3-3857-4250-9449-155fcf5109ec) - ModelState is Valid
2017-06-18 17:52:58.0022|INFO|Microsoft.EntityFrameworkCore.Storage.Internal.RelationalCommandBuilderFactory|Executed DbCommand (1ms) [Parameters=[@__authorId_0='?'], CommandType='Text', CommandTimeout='30']
SELECT CASE
    WHEN EXISTS (
        SELECT 1
        FROM [Authors] AS [a]
        WHERE [a].[Id] = @__authorId_0)
    THEN CAST(1 AS BIT) ELSE CAST(0 AS BIT)
END
2017-06-18 17:52:58.0052|INFO|Microsoft.AspNetCore.Mvc.StatusCodeResult|Executing HttpStatusCodeResult, setting HTTP status code 404
2017-06-18 17:52:58.0052|INFO|Microsoft.AspNetCore.Mvc.Internal.ControllerActionInvoker|Executed action Library.API.Controllers.BooksController.GetBookForAuthor (Library.API) in 59.6608ms
2017-06-18 17:52:58.0052|INFO|Microsoft.AspNetCore.Hosting.Internal.WebHost|Request finished in 69.3927ms 404 
2017-06-18 17:58:39.1120|INFO|Microsoft.AspNetCore.Hosting.Internal.WebHost|Request starting HTTP/1.1 GET http://localhost:6058/api/authors/76053df4-6687-4353-8937-b45556748abe  
2017-06-18 17:58:39.2151|INFO|Microsoft.EntityFrameworkCore.Storage.Internal.RelationalCommandBuilderFactory|Executed DbCommand (8ms) [Parameters=[], CommandType='Text', CommandTimeout='30']
SELECT OBJECT_ID(N'__EFMigrationsHistory');
2017-06-18 17:58:39.2246|INFO|Microsoft.EntityFrameworkCore.Storage.Internal.RelationalCommandBuilderFactory|Executed DbCommand (1ms) [Parameters=[], CommandType='Text', CommandTimeout='30']
SELECT OBJECT_ID(N'__EFMigrationsHistory');
2017-06-18 17:58:39.2441|INFO|Microsoft.EntityFrameworkCore.Storage.Internal.RelationalCommandBuilderFactory|Executed DbCommand (0ms) [Parameters=[], CommandType='Text', CommandTimeout='30']
SELECT [MigrationId], [ProductVersion]
FROM [__EFMigrationsHistory]
ORDER BY [MigrationId];
2017-06-18 17:58:39.2441|INFO|Microsoft.AspNetCore.Mvc.Internal.ControllerActionInvoker|Executing action method Library.API.Controllers.AuthorsController.GetAuthor (Library.API) with arguments (76053df4-6687-4353-8937-b45556748abe) - ModelState is Valid
2017-06-18 17:58:39.2651|INFO|Microsoft.EntityFrameworkCore.Storage.Internal.RelationalCommandBuilderFactory|Executed DbCommand (0ms) [Parameters=[@__authorId_0='?'], CommandType='Text', CommandTimeout='30']
SELECT TOP(1) [a].[Id], [a].[DateOfBirth], [a].[FirstName], [a].[Genre], [a].[LastName]
FROM [Authors] AS [a]
WHERE [a].[Id] = @__authorId_0
2017-06-18 17:58:39.2821|INFO|Microsoft.AspNetCore.Mvc.Internal.ObjectResultExecutor|Executing ObjectResult, writing value Microsoft.AspNetCore.Mvc.ControllerContext.
2017-06-18 17:58:39.2982|INFO|Microsoft.AspNetCore.Mvc.Internal.ControllerActionInvoker|Executed action Library.API.Controllers.AuthorsController.GetAuthor (Library.API) in 174.787ms
2017-06-18 17:58:39.3077|INFO|Microsoft.AspNetCore.Hosting.Internal.WebHost|Request finished in 192.6954ms 200 application/json; charset=utf-8
